<?xml version="1.0" encoding="UTF-8"?>
<testsuite name="com.example.funds.domain.model.ClientTest" tests="2" skipped="0" failures="0" errors="0" timestamp="2026-03-22T21:25:37.572Z" hostname="MICHAEL" time="0.001">
  <properties/>
  <testcase name="shouldCreateClientWithInitialBalanceOf500000Cop()" classname="com.example.funds.domain.model.ClientTest" time="0.0"/>
  <testcase name="shouldRejectDebitWhenBalanceIsInsufficient()" classname="com.example.funds.domain.model.ClientTest" time="0.001"/>
  <system-out><![CDATA[]]></system-out>
  <system-err><![CDATA[]]></system-err>
</testsuite>
