<?xml version="1.0" encoding="UTF-8"?>
<testsuite name="com.example.funds.application.usecase.SubscribeToFundUseCaseImplTest" tests="5" skipped="0" failures="0" errors="0" timestamp="2026-03-22T21:25:37.533Z" hostname="MICHAEL" time="0.038">
  <properties/>
  <testcase name="shouldSubscribeSuccessfully()" classname="com.example.funds.application.usecase.SubscribeToFundUseCaseImplTest" time="0.023"/>
  <testcase name="shouldRejectSubscriptionWhenFundIsInactive()" classname="com.example.funds.application.usecase.SubscribeToFundUseCaseImplTest" time="0.003"/>
  <testcase name="shouldRejectSubscriptionWhenActiveSubscriptionAlreadyExists()" classname="com.example.funds.application.usecase.SubscribeToFundUseCaseImplTest" time="0.004"/>
  <testcase name="shouldRejectSubscriptionWhenBalanceIsInsufficient()" classname="com.example.funds.application.usecase.SubscribeToFundUseCaseImplTest" time="0.003"/>
  <testcase name="shouldRejectSubscriptionWhenFundDoesNotExist()" classname="com.example.funds.application.usecase.SubscribeToFundUseCaseImplTest" time="0.003"/>
  <system-out><![CDATA[16:25:37.553 [Test worker] INFO com.example.funds.application.usecase.SubscribeToFundUseCaseImpl -- Processing fund subscription. clientId=client-1, fundId=fund-1
16:25:37.554 [Test worker] INFO com.example.funds.application.usecase.SubscribeToFundUseCaseImpl -- Fund subscription completed. clientId=client-1, fundId=fund-1, subscriptionId=0fbe18d4-6094-4a9a-8001-051f581f804d, transactionId=2a4fd5bc-d323-46e3-a455-b7598509f86c
16:25:37.559 [Test worker] INFO com.example.funds.application.usecase.SubscribeToFundUseCaseImpl -- Processing fund subscription. clientId=client-1, fundId=fund-1
16:25:37.561 [Test worker] INFO com.example.funds.application.usecase.SubscribeToFundUseCaseImpl -- Processing fund subscription. clientId=client-1, fundId=fund-1
16:25:37.567 [Test worker] INFO com.example.funds.application.usecase.SubscribeToFundUseCaseImpl -- Processing fund subscription. clientId=client-1, fundId=fund-1
16:25:37.570 [Test worker] INFO com.example.funds.application.usecase.SubscribeToFundUseCaseImpl -- Processing fund subscription. clientId=client-1, fundId=missing-fund
]]></system-out>
  <system-err><![CDATA[]]></system-err>
</testsuite>
